<?xml version="1.0" encoding="UTF-8" ?>
<testsuite errors="1" failures="0" hostname="cyclist2" name="chessdrills.games.invisiblepairs.InvisiblePairsTest" skipped="0" tests="1" time="0.047" timestamp="2017-12-06T20:31:27">
  <properties>
[...]
</properties>
  <testcase classname="chessdrills.games.invisiblepairs.InvisiblePairsTest" name="initializationError" time="0.005">
    <error message="No runnable methods" type="java.lang.Exception">java.lang.Exception: No runnable methods
	at java.lang.reflect.Constructor.newInstance(Constructor.java:423)
</error>
  </testcase>
  <system-out><![CDATA[]]></system-out>
  <system-err><![CDATA[]]></system-err>
</testsuite>
